<?xml version="1.0" encoding="UTF-8"?>
<testsuite xmlns:xsi="http://www.w3.org/2001/XMLSchema-instance" xsi:noNamespaceSchemaLocation="https://maven.apache.org/surefire/maven-surefire-plugin/xsd/surefire-test-report-3.0.xsd" version="3.0" name="testRunners.AmazonTest" time="0.727" tests="2" errors="0" skipped="0" failures="0">
  <properties>
[...]
</properties>
  <testcase name="Booking Cab Sedan" classname="Uber Booking Feature" time="0.229">
    <system-out><![CDATA[
@All @Smoke
Scenario: Booking Cab Sedan                                                                 &amp#27;[90m# src/test/resources/AppFeatures/Uber.feature:5&amp#27;[0m
Step 1: User want to select a car type: Sedan from uber app
  &amp#27;[32mGiven &amp#27;[0m&amp#27;[32mUser want to select a car type &amp#27;[0m&amp#27;[32m&amp#27;[1m"Sedan"&amp#27;[0m&amp#27;[32m from uber app&amp#27;[0m                                &amp#27;[90m# stepDefinations.UberBookingSteps.user_want_to_select_a_car_type_from_uber_app(java.lang.String)&amp#27;[0m
Step 2: User select car: Sedan and pick up point is: Bangalore and drop location is Pune
  &amp#27;[32mWhen &amp#27;[0m&amp#27;[32mUser select car &amp#27;[0m&amp#27;[32m&amp#27;[1m"Sedan"&amp#27;[0m&amp#27;[32m and pick up point is &amp#27;[0m&amp#27;[32m&amp#27;[1m"Bangalore"&amp#27;[0m&amp#27;[32m and drop location is &amp#27;[0m&amp#27;[32m&amp#27;[1m"Pune"&amp#27;[0m &amp#27;[90m# stepDefinations.UberBookingSteps.user_select_car_and_pick_up_point_is_and_drop_location_is(java.lang.String,java.lang.String,java.lang.String)&amp#27;[0m
Driver start the journey
  &amp#27;[32mThen &amp#27;[0m&amp#27;[32mDriver start the journey&amp#27;[0m                                                             &amp#27;[90m# stepDefinations.UberBookingSteps.driver_start_the_journey()&amp#27;[0m
Driver end the journey
  &amp#27;[32mAnd &amp#27;[0m&amp#27;[32mDriver end the journey&amp#27;[0m                                                                &amp#27;[90m# stepDefinations.UberBookingSteps.driver_end_the_journey()&amp#27;[0m
Uber pays the money: 1000
  &amp#27;[32mThen &amp#27;[0m&amp#27;[32mUser pays &amp#27;[0m&amp#27;[32m&amp#27;[1m1000&amp#27;[0m&amp#27;[32m money&amp#27;[0m                                                                 &amp#27;[90m# stepDefinations.UberBookingSteps.user_pays_the_money(int)&amp#27;[0m
]]></system-out>
  </testcase>
  <testcase name="Booking Cab SUV" classname="Uber Booking Feature" time="0.045">
    <system-out><![CDATA[
@All @Smoke @Regression
Scenario: Booking Cab SUV                                                               &amp#27;[90m# src/test/resources/AppFeatures/Uber.feature:13&amp#27;[0m
Step 1: User want to select a car type: SUV from uber app
  &amp#27;[32mGiven &amp#27;[0m&amp#27;[32mUser want to select a car type &amp#27;[0m&amp#27;[32m&amp#27;[1m"SUV"&amp#27;[0m&amp#27;[32m from uber app&amp#27;[0m                              &amp#27;[90m# stepDefinations.UberBookingSteps.user_want_to_select_a_car_type_from_uber_app(java.lang.String)&amp#27;[0m
Step 2: User select car: SUV and pick up point is: Chennai and drop location is Pune
  &amp#27;[32mWhen &amp#27;[0m&amp#27;[32mUser select car &amp#27;[0m&amp#27;[32m&amp#27;[1m"SUV"&amp#27;[0m&amp#27;[32m and pick up point is &amp#27;[0m&amp#27;[32m&amp#27;[1m"Chennai"&amp#27;[0m&amp#27;[32m and drop location is &amp#27;[0m&amp#27;[32m&amp#27;[1m"Pune"&amp#27;[0m &amp#27;[90m# stepDefinations.UberBookingSteps.user_select_car_and_pick_up_point_is_and_drop_location_is(java.lang.String,java.lang.String,java.lang.String)&amp#27;[0m
Driver start the journey
  &amp#27;[32mThen &amp#27;[0m&amp#27;[32mDriver start the journey&amp#27;[0m                                                         &amp#27;[90m# stepDefinations.UberBookingSteps.driver_start_the_journey()&amp#27;[0m
Driver end the journey
  &amp#27;[32mAnd &amp#27;[0m&amp#27;[32mDriver end the journey&amp#27;[0m                                                            &amp#27;[90m# stepDefinations.UberBookingSteps.driver_end_the_journey()&amp#27;[0m
Uber pays the money: 1300
  &amp#27;[32mThen &amp#27;[0m&amp#27;[32mUser pays &amp#27;[0m&amp#27;[32m&amp#27;[1m1300&amp#27;[0m&amp#27;[32m money&amp#27;[0m                                                             &amp#27;[90m# stepDefinations.UberBookingSteps.user_pays_the_money(int)&amp#27;[0m
]]></system-out>
  </testcase>
</testsuite>